   1              		.cpu cortex-m0
   2              		.fpu softvfp
   3              		.eabi_attribute 20, 1
   4              		.eabi_attribute 21, 1
   5              		.eabi_attribute 23, 3
   6              		.eabi_attribute 24, 1
   7              		.eabi_attribute 25, 1
   8              		.eabi_attribute 26, 1
   9              		.eabi_attribute 30, 6
  10              		.eabi_attribute 34, 0
  11              		.eabi_attribute 18, 4
  12              		.code	16
  13              		.file	"Ultrasonic.c"
  14              		.text
  15              	.Ltext0:
  16              		.cfi_sections	.debug_frame
  17              		.comm	PrintReady,1,1
  18              		.section	.bss.usDevice,"aw",%nobits
  19              		.align	2
  22              	usDevice:
  23 0000 00000000 		.space	16
  23      00000000 
  23      00000000 
  23      00000000 
  24              		.section	.text.US_EventEchoOverflow,"ax",%progbits
  25              		.align	2
  26              		.global	US_EventEchoOverflow
  27              		.code	16
  28              		.thumb_func
  30              	US_EventEchoOverflow:
  31              	.LFB0:
  32              		.file 1 "../Sources/Ultrasonic.c"
   1:../Sources/Ultrasonic.c **** #include "Ultrasonic.h"
   2:../Sources/Ultrasonic.c **** #include "TU1.h"
   3:../Sources/Ultrasonic.c **** #include "WAIT1.h"
   4:../Sources/Ultrasonic.c **** 
   5:../Sources/Ultrasonic.c **** #include "ConsoleIO.h"
   6:../Sources/Ultrasonic.c **** #include "derivative.h" /* include peripheral declarations */
   7:../Sources/Ultrasonic.c **** #include <stdio.h>
   8:../Sources/Ultrasonic.c **** #include <stdlib.h>
   9:../Sources/Ultrasonic.c **** #include <string.h>
  10:../Sources/Ultrasonic.c **** 
  11:../Sources/Ultrasonic.c **** typedef enum {
  12:../Sources/Ultrasonic.c ****   ECHO_IDLE, /* device not used */
  13:../Sources/Ultrasonic.c ****   ECHO_TRIGGERED, /* started trigger pulse */
  14:../Sources/Ultrasonic.c ****   ECHO_MEASURE, /* measuring echo pulse */
  15:../Sources/Ultrasonic.c ****   ECHO_OVERFLOW, /* measurement too too long */
  16:../Sources/Ultrasonic.c ****   ECHO_FINISHED /* measurement finished */
  17:../Sources/Ultrasonic.c **** } US_EchoState;
  18:../Sources/Ultrasonic.c **** 
  19:../Sources/Ultrasonic.c **** typedef struct {
  20:../Sources/Ultrasonic.c ****   LDD_TDeviceData *trigDevice; /* device handle for the Trigger pin */
  21:../Sources/Ultrasonic.c ****   LDD_TDeviceData *echoDevice; /* input capture device handle (echo pin) */
  22:../Sources/Ultrasonic.c ****   volatile US_EchoState state; /* state */
  23:../Sources/Ultrasonic.c ****   TU1_TValueType capture; /* input capture value */
  24:../Sources/Ultrasonic.c **** } US_DeviceType;
  25:../Sources/Ultrasonic.c **** 
  26:../Sources/Ultrasonic.c **** static US_DeviceType usDevice; /* device handle for the ultrasonic device */
  27:../Sources/Ultrasonic.c **** 
  28:../Sources/Ultrasonic.c **** void US_EventEchoOverflow(LDD_TUserData *UserDataPtr) {
  33              		.loc 1 28 0
  34              		.cfi_startproc
  35 0000 80B5     		push	{r7, lr}
  36              	.LCFI0:
  37              		.cfi_def_cfa_offset 8
  38              		.cfi_offset 7, -8
  39              		.cfi_offset 14, -4
  40 0002 84B0     		sub	sp, sp, #16
  41              	.LCFI1:
  42              		.cfi_def_cfa_offset 24
  43 0004 00AF     		add	r7, sp, #0
  44              	.LCFI2:
  45              		.cfi_def_cfa_register 7
  46 0006 7860     		str	r0, [r7, #4]
  29:../Sources/Ultrasonic.c ****   US_DeviceType *ptr = (US_DeviceType*)UserDataPtr;
  47              		.loc 1 29 0
  48 0008 7B68     		ldr	r3, [r7, #4]
  49 000a FB60     		str	r3, [r7, #12]
  30:../Sources/Ultrasonic.c ****   
  31:../Sources/Ultrasonic.c ****   ptr->state = ECHO_OVERFLOW;
  50              		.loc 1 31 0
  51 000c FB68     		ldr	r3, [r7, #12]
  52 000e 0322     		mov	r2, #3
  53 0010 1A72     		strb	r2, [r3, #8]
  32:../Sources/Ultrasonic.c **** }
  54              		.loc 1 32 0
  55 0012 BD46     		mov	sp, r7
  56 0014 04B0     		add	sp, sp, #16
  57              		@ sp needed for prologue
  58 0016 80BD     		pop	{r7, pc}
  59              		.cfi_endproc
  60              	.LFE0:
  62              		.section	.text.US_EventEchoCapture,"ax",%progbits
  63              		.align	2
  64              		.global	US_EventEchoCapture
  65              		.code	16
  66              		.thumb_func
  68              	US_EventEchoCapture:
  69              	.LFB1:
  33:../Sources/Ultrasonic.c **** 
  34:../Sources/Ultrasonic.c **** void US_EventEchoCapture(LDD_TUserData *UserDataPtr) {
  70              		.loc 1 34 0
  71              		.cfi_startproc
  72 0000 80B5     		push	{r7, lr}
  73              	.LCFI3:
  74              		.cfi_def_cfa_offset 8
  75              		.cfi_offset 7, -8
  76              		.cfi_offset 14, -4
  77 0002 84B0     		sub	sp, sp, #16
  78              	.LCFI4:
  79              		.cfi_def_cfa_offset 24
  80 0004 00AF     		add	r7, sp, #0
  81              	.LCFI5:
  82              		.cfi_def_cfa_register 7
  83 0006 7860     		str	r0, [r7, #4]
  35:../Sources/Ultrasonic.c ****   US_DeviceType *ptr = (US_DeviceType*)UserDataPtr;
  84              		.loc 1 35 0
  85 0008 7B68     		ldr	r3, [r7, #4]
  86 000a FB60     		str	r3, [r7, #12]
  36:../Sources/Ultrasonic.c **** 
  37:../Sources/Ultrasonic.c ****   if (ptr->state==ECHO_TRIGGERED) { /* 1st edge, this is the raising edge, start measurement */
  87              		.loc 1 37 0
  88 000c FB68     		ldr	r3, [r7, #12]
  89 000e 1B7A     		ldrb	r3, [r3, #8]
  90 0010 DBB2     		uxtb	r3, r3
  91 0012 012B     		cmp	r3, #1
  92 0014 08D1     		bne	.L3
  38:../Sources/Ultrasonic.c ****     TU1_ResetCounter(ptr->echoDevice);
  93              		.loc 1 38 0
  94 0016 FB68     		ldr	r3, [r7, #12]
  95 0018 5B68     		ldr	r3, [r3, #4]
  96 001a 181C     		mov	r0, r3
  97 001c FFF7FEFF 		bl	TU1_ResetCounter
  39:../Sources/Ultrasonic.c ****     ptr->state = ECHO_MEASURE;
  98              		.loc 1 39 0
  99 0020 FB68     		ldr	r3, [r7, #12]
 100 0022 0222     		mov	r2, #2
 101 0024 1A72     		strb	r2, [r3, #8]
 102 0026 10E0     		b	.L2
 103              	.L3:
  40:../Sources/Ultrasonic.c ****   } else if (ptr->state==ECHO_MEASURE) { /* 2nd edge, this is the falling edge: use measurement */
 104              		.loc 1 40 0
 105 0028 FB68     		ldr	r3, [r7, #12]
 106 002a 1B7A     		ldrb	r3, [r3, #8]
 107 002c DBB2     		uxtb	r3, r3
 108 002e 022B     		cmp	r3, #2
 109 0030 0BD1     		bne	.L2
  41:../Sources/Ultrasonic.c ****     (void)TU1_GetCaptureValue(ptr->echoDevice, 0, &ptr->capture);
 110              		.loc 1 41 0
 111 0032 FB68     		ldr	r3, [r7, #12]
 112 0034 5A68     		ldr	r2, [r3, #4]
 113 0036 FB68     		ldr	r3, [r7, #12]
 114 0038 0C33     		add	r3, r3, #12
 115 003a 101C     		mov	r0, r2
 116 003c 0021     		mov	r1, #0
 117 003e 1A1C     		mov	r2, r3
 118 0040 FFF7FEFF 		bl	TU1_GetCaptureValue
  42:../Sources/Ultrasonic.c ****     ptr->state = ECHO_FINISHED;
 119              		.loc 1 42 0
 120 0044 FB68     		ldr	r3, [r7, #12]
 121 0046 0422     		mov	r2, #4
 122 0048 1A72     		strb	r2, [r3, #8]
 123              	.L2:
  43:../Sources/Ultrasonic.c ****   }
  44:../Sources/Ultrasonic.c **** }
 124              		.loc 1 44 0
 125 004a BD46     		mov	sp, r7
 126 004c 04B0     		add	sp, sp, #16
 127              		@ sp needed for prologue
 128 004e 80BD     		pop	{r7, pc}
 129              		.cfi_endproc
 130              	.LFE1:
 132              		.global	__aeabi_uidiv
 133              		.section	.text.calcAirspeed_dms,"ax",%progbits
 134              		.align	2
 135              		.code	16
 136              		.thumb_func
 138              	calcAirspeed_dms:
 139              	.LFB2:
  45:../Sources/Ultrasonic.c **** 
  46:../Sources/Ultrasonic.c **** static uint16_t calcAirspeed_dms(uint8_t temperatureCelsius) {
 140              		.loc 1 46 0
 141              		.cfi_startproc
 142 0000 80B5     		push	{r7, lr}
 143              	.LCFI6:
 144              		.cfi_def_cfa_offset 8
 145              		.cfi_offset 7, -8
 146              		.cfi_offset 14, -4
 147 0002 84B0     		sub	sp, sp, #16
 148              	.LCFI7:
 149              		.cfi_def_cfa_offset 24
 150 0004 00AF     		add	r7, sp, #0
 151              	.LCFI8:
 152              		.cfi_def_cfa_register 7
 153 0006 021C     		mov	r2, r0
 154 0008 FB1D     		add	r3, r7, #7
 155 000a 1A70     		strb	r2, [r3]
  47:../Sources/Ultrasonic.c ****   /* Return the airspeed depending on the temperature, in deci-meter per second */
  48:../Sources/Ultrasonic.c ****   unsigned int airspeed; /* decimeters per second */
  49:../Sources/Ultrasonic.c **** 
  50:../Sources/Ultrasonic.c ****   airspeed = 3313 + (6 * temperatureCelsius); /* dry air, 0% humidity, see http://en.wikipedia.org/
 156              		.loc 1 50 0
 157 000c FB1D     		add	r3, r7, #7
 158 000e 1A78     		ldrb	r2, [r3]
 159 0010 131C     		mov	r3, r2
 160 0012 5B00     		lsl	r3, r3, #1
 161 0014 9B18     		add	r3, r3, r2
 162 0016 5B00     		lsl	r3, r3, #1
 163 0018 0A4A     		ldr	r2, .L7
 164 001a 9B18     		add	r3, r3, r2
 165 001c FB60     		str	r3, [r7, #12]
  51:../Sources/Ultrasonic.c ****   airspeed -= (airspeed/100)*15; /* factor in ~15% for a relative humidity of ~40% */
 166              		.loc 1 51 0
 167 001e FB68     		ldr	r3, [r7, #12]
 168 0020 181C     		mov	r0, r3
 169 0022 6421     		mov	r1, #100
 170 0024 FFF7FEFF 		bl	__aeabi_uidiv
 171 0028 031C     		mov	r3, r0
 172 002a 1A1C     		mov	r2, r3
 173 002c 131C     		mov	r3, r2
 174 002e 1B01     		lsl	r3, r3, #4
 175 0030 9B1A     		sub	r3, r3, r2
 176 0032 FA68     		ldr	r2, [r7, #12]
 177 0034 D31A     		sub	r3, r2, r3
 178 0036 FB60     		str	r3, [r7, #12]
  52:../Sources/Ultrasonic.c ****   //printf("airspeed: %d\r\n", airspeed);
  53:../Sources/Ultrasonic.c ****   return airspeed;
 179              		.loc 1 53 0
 180 0038 FB68     		ldr	r3, [r7, #12]
 181 003a 9BB2     		uxth	r3, r3
  54:../Sources/Ultrasonic.c **** }
 182              		.loc 1 54 0
 183 003c 181C     		mov	r0, r3
 184 003e BD46     		mov	sp, r7
 185 0040 04B0     		add	sp, sp, #16
 186              		@ sp needed for prologue
 187 0042 80BD     		pop	{r7, pc}
 188              	.L8:
 189              		.align	2
 190              	.L7:
 191 0044 F10C0000 		.word	3313
 192              		.cfi_endproc
 193              	.LFE2:
 195              		.section	.text.US_usToCentimeters,"ax",%progbits
 196              		.align	2
 197              		.global	US_usToCentimeters
 198              		.code	16
 199              		.thumb_func
 201              	US_usToCentimeters:
 202              	.LFB3:
  55:../Sources/Ultrasonic.c **** 
  56:../Sources/Ultrasonic.c **** uint16_t US_usToCentimeters(uint16_t microseconds, uint8_t temperatureCelsius) {
 203              		.loc 1 56 0
 204              		.cfi_startproc
 205 0000 90B5     		push	{r4, r7, lr}
 206              	.LCFI9:
 207              		.cfi_def_cfa_offset 12
 208              		.cfi_offset 4, -12
 209              		.cfi_offset 7, -8
 210              		.cfi_offset 14, -4
 211 0002 83B0     		sub	sp, sp, #12
 212              	.LCFI10:
 213              		.cfi_def_cfa_offset 24
 214 0004 00AF     		add	r7, sp, #0
 215              	.LCFI11:
 216              		.cfi_def_cfa_register 7
 217 0006 0A1C     		mov	r2, r1
 218 0008 BB1D     		add	r3, r7, #6
 219 000a 011C     		add	r1, r0, #0
 220 000c 1980     		strh	r1, [r3]
 221 000e 7B1D     		add	r3, r7, #5
 222 0010 1A70     		strb	r2, [r3]
  57:../Sources/Ultrasonic.c ****   return (microseconds*100UL)/calcAirspeed_dms(temperatureCelsius)/2; /* 2 because because of two w
 223              		.loc 1 57 0
 224 0012 BB1D     		add	r3, r7, #6
 225 0014 1B88     		ldrh	r3, [r3]
 226 0016 6422     		mov	r2, #100
 227 0018 141C     		mov	r4, r2
 228 001a 5C43     		mul	r4, r3
 229 001c 7B1D     		add	r3, r7, #5
 230 001e 1B78     		ldrb	r3, [r3]
 231 0020 181C     		mov	r0, r3
 232 0022 FFF7FEFF 		bl	calcAirspeed_dms
 233 0026 031C     		mov	r3, r0
 234 0028 201C     		mov	r0, r4
 235 002a 191C     		mov	r1, r3
 236 002c FFF7FEFF 		bl	__aeabi_uidiv
 237 0030 031C     		mov	r3, r0
 238 0032 5B08     		lsr	r3, r3, #1
 239 0034 9BB2     		uxth	r3, r3
  58:../Sources/Ultrasonic.c **** }
 240              		.loc 1 58 0
 241 0036 181C     		mov	r0, r3
 242 0038 BD46     		mov	sp, r7
 243 003a 03B0     		add	sp, sp, #12
 244              		@ sp needed for prologue
 245 003c 90BD     		pop	{r4, r7, pc}
 246              		.cfi_endproc
 247              	.LFE3:
 249              		.section	.text.US_Measure_us,"ax",%progbits
 250              		.align	2
 251              		.global	US_Measure_us
 252              		.code	16
 253              		.thumb_func
 255              	US_Measure_us:
 256              	.LFB4:
  59:../Sources/Ultrasonic.c **** 
  60:../Sources/Ultrasonic.c **** /* measure and return the microseconds */
  61:../Sources/Ultrasonic.c **** uint16_t US_Measure_us(void) {
 257              		.loc 1 61 0
 258              		.cfi_startproc
 259 0000 80B5     		push	{r7, lr}
 260              	.LCFI12:
 261              		.cfi_def_cfa_offset 8
 262              		.cfi_offset 7, -8
 263              		.cfi_offset 14, -4
 264 0002 82B0     		sub	sp, sp, #8
 265              	.LCFI13:
 266              		.cfi_def_cfa_offset 16
 267 0004 00AF     		add	r7, sp, #0
 268              	.LCFI14:
 269              		.cfi_def_cfa_register 7
  62:../Sources/Ultrasonic.c ****   uint16_t us;
  63:../Sources/Ultrasonic.c ****   
  64:../Sources/Ultrasonic.c ****   /* send 10us pulse on TRIG line. */
  65:../Sources/Ultrasonic.c ****   TRIG_SetVal(usDevice.trigDevice);
 270              		.loc 1 65 0
 271 0006 194B     		ldr	r3, .L15
 272 0008 1B68     		ldr	r3, [r3]
 273 000a 181C     		mov	r0, r3
 274 000c FFF7FEFF 		bl	TRIG_SetVal
  66:../Sources/Ultrasonic.c ****   WAIT1_Waitus(10);
 275              		.loc 1 66 0
 276 0010 C820     		mov	r0, #200
 277 0012 FFF7FEFF 		bl	WAIT1_WaitCycles
  67:../Sources/Ultrasonic.c ****   usDevice.state = ECHO_TRIGGERED;
 278              		.loc 1 67 0
 279 0016 154B     		ldr	r3, .L15
 280 0018 0122     		mov	r2, #1
 281 001a 1A72     		strb	r2, [r3, #8]
  68:../Sources/Ultrasonic.c ****   TRIG_ClrVal(usDevice.trigDevice);
 282              		.loc 1 68 0
 283 001c 134B     		ldr	r3, .L15
 284 001e 1B68     		ldr	r3, [r3]
 285 0020 181C     		mov	r0, r3
 286 0022 FFF7FEFF 		bl	TRIG_ClrVal
  69:../Sources/Ultrasonic.c **** 
  70:../Sources/Ultrasonic.c ****   while(usDevice.state!=ECHO_FINISHED) {
 287              		.loc 1 70 0
 288 0026 09E0     		b	.L12
 289              	.L14:
  71:../Sources/Ultrasonic.c ****     /* measure echo pulse */
  72:../Sources/Ultrasonic.c ****     if (usDevice.state==ECHO_OVERFLOW) { /* measurement took too long? */
 290              		.loc 1 72 0
 291 0028 104B     		ldr	r3, .L15
 292 002a 1B7A     		ldrb	r3, [r3, #8]
 293 002c DBB2     		uxtb	r3, r3
 294 002e 032B     		cmp	r3, #3
 295 0030 04D1     		bne	.L12
  73:../Sources/Ultrasonic.c ****       usDevice.state = ECHO_IDLE;
 296              		.loc 1 73 0
 297 0032 0E4B     		ldr	r3, .L15
 298 0034 0022     		mov	r2, #0
 299 0036 1A72     		strb	r2, [r3, #8]
  74:../Sources/Ultrasonic.c ****       return 0; /* no echo, error case */
 300              		.loc 1 74 0
 301 0038 0023     		mov	r3, #0
 302 003a 13E0     		b	.L13
 303              	.L12:
  70:../Sources/Ultrasonic.c ****   while(usDevice.state!=ECHO_FINISHED) {
 304              		.loc 1 70 0
 305 003c 0B4B     		ldr	r3, .L15
 306 003e 1B7A     		ldrb	r3, [r3, #8]
 307 0040 DBB2     		uxtb	r3, r3
 308 0042 042B     		cmp	r3, #4
 309 0044 F0D1     		bne	.L14
  75:../Sources/Ultrasonic.c ****     }
  76:../Sources/Ultrasonic.c ****   }
  77:../Sources/Ultrasonic.c ****   us = (usDevice.capture*1000UL)/(TU1_CNT_INP_FREQ_U_0/1000);
 310              		.loc 1 77 0
 311 0046 094B     		ldr	r3, .L15
 312 0048 DB68     		ldr	r3, [r3, #12]
 313 004a FA22     		mov	r2, #250
 314 004c 9200     		lsl	r2, r2, #2
 315 004e 5343     		mul	r3, r2
 316 0050 181C     		mov	r0, r3
 317 0052 0749     		ldr	r1, .L15+4
 318 0054 FFF7FEFF 		bl	__aeabi_uidiv
 319 0058 031C     		mov	r3, r0
 320 005a 1A1C     		mov	r2, r3
 321 005c BB1D     		add	r3, r7, #6
 322 005e 1A80     		strh	r2, [r3]
  78:../Sources/Ultrasonic.c ****   return us;
 323              		.loc 1 78 0
 324 0060 BB1D     		add	r3, r7, #6
 325 0062 1B88     		ldrh	r3, [r3]
 326              	.L13:
  79:../Sources/Ultrasonic.c **** }
 327              		.loc 1 79 0
 328 0064 181C     		mov	r0, r3
 329 0066 BD46     		mov	sp, r7
 330 0068 02B0     		add	sp, sp, #8
 331              		@ sp needed for prologue
 332 006a 80BD     		pop	{r7, pc}
 333              	.L16:
 334              		.align	2
 335              	.L15:
 336 006c 00000000 		.word	usDevice
 337 0070 3D0A0000 		.word	2621
 338              		.cfi_endproc
 339              	.LFE4:
 341              		.section	.text.US_Init,"ax",%progbits
 342              		.align	2
 343              		.global	US_Init
 344              		.code	16
 345              		.thumb_func
 347              	US_Init:
 348              	.LFB5:
  80:../Sources/Ultrasonic.c **** 
  81:../Sources/Ultrasonic.c **** void US_Init(void) {
 349              		.loc 1 81 0
 350              		.cfi_startproc
 351 0000 80B5     		push	{r7, lr}
 352              	.LCFI15:
 353              		.cfi_def_cfa_offset 8
 354              		.cfi_offset 7, -8
 355              		.cfi_offset 14, -4
 356 0002 00AF     		add	r7, sp, #0
 357              	.LCFI16:
 358              		.cfi_def_cfa_register 7
  82:../Sources/Ultrasonic.c ****   usDevice.state = ECHO_IDLE;
 359              		.loc 1 82 0
 360 0004 0A4B     		ldr	r3, .L18
 361 0006 0022     		mov	r2, #0
 362 0008 1A72     		strb	r2, [r3, #8]
  83:../Sources/Ultrasonic.c ****   usDevice.capture = 0;
 363              		.loc 1 83 0
 364 000a 094B     		ldr	r3, .L18
 365 000c 0022     		mov	r2, #0
 366 000e DA60     		str	r2, [r3, #12]
  84:../Sources/Ultrasonic.c ****   usDevice.trigDevice = TRIG_Init(NULL);
 367              		.loc 1 84 0
 368 0010 0020     		mov	r0, #0
 369 0012 FFF7FEFF 		bl	TRIG_Init
 370 0016 021C     		mov	r2, r0
 371 0018 054B     		ldr	r3, .L18
 372 001a 1A60     		str	r2, [r3]
  85:../Sources/Ultrasonic.c ****   usDevice.echoDevice = TU1_Init(&usDevice);
 373              		.loc 1 85 0
 374 001c 044B     		ldr	r3, .L18
 375 001e 181C     		mov	r0, r3
 376 0020 FFF7FEFF 		bl	TU1_Init
 377 0024 021C     		mov	r2, r0
 378 0026 024B     		ldr	r3, .L18
 379 0028 5A60     		str	r2, [r3, #4]
  86:../Sources/Ultrasonic.c **** }
 380              		.loc 1 86 0
 381 002a BD46     		mov	sp, r7
 382              		@ sp needed for prologue
 383 002c 80BD     		pop	{r7, pc}
 384              	.L19:
 385 002e C046     		.align	2
 386              	.L18:
 387 0030 00000000 		.word	usDevice
 388              		.cfi_endproc
 389              	.LFE5:
 391              		.text
 392              	.Letext0:
 393              		.file 2 "D:/Freescale/CodeWarrior11/MCU/ARM_GCC_Support/ewl/EWL_C/include/cstdint"
 394              		.file 3 "C:/Users/David/Desktop/DronePrototype/Generated_Code/PE_Types.h"
 395              		.file 4 "C:/Users/David/Desktop/DronePrototype/Generated_Code/TU1.h"
 396              		.file 5 "C:/Users/David/Desktop/DronePrototype/Project_Headers/derivative.h"
DEFINED SYMBOLS
                            *ABS*:00000000 Ultrasonic.c
                            *COM*:00000001 PrintReady
C:\Users\David\AppData\Local\Temp\ccoc3ScV.s:19     .bss.usDevice:00000000 $d
C:\Users\David\AppData\Local\Temp\ccoc3ScV.s:22     .bss.usDevice:00000000 usDevice
C:\Users\David\AppData\Local\Temp\ccoc3ScV.s:25     .text.US_EventEchoOverflow:00000000 $t
C:\Users\David\AppData\Local\Temp\ccoc3ScV.s:30     .text.US_EventEchoOverflow:00000000 US_EventEchoOverflow
C:\Users\David\AppData\Local\Temp\ccoc3ScV.s:63     .text.US_EventEchoCapture:00000000 $t
C:\Users\David\AppData\Local\Temp\ccoc3ScV.s:68     .text.US_EventEchoCapture:00000000 US_EventEchoCapture
C:\Users\David\AppData\Local\Temp\ccoc3ScV.s:134    .text.calcAirspeed_dms:00000000 $t
C:\Users\David\AppData\Local\Temp\ccoc3ScV.s:138    .text.calcAirspeed_dms:00000000 calcAirspeed_dms
C:\Users\David\AppData\Local\Temp\ccoc3ScV.s:191    .text.calcAirspeed_dms:00000044 $d
C:\Users\David\AppData\Local\Temp\ccoc3ScV.s:196    .text.US_usToCentimeters:00000000 $t
C:\Users\David\AppData\Local\Temp\ccoc3ScV.s:201    .text.US_usToCentimeters:00000000 US_usToCentimeters
C:\Users\David\AppData\Local\Temp\ccoc3ScV.s:250    .text.US_Measure_us:00000000 $t
C:\Users\David\AppData\Local\Temp\ccoc3ScV.s:255    .text.US_Measure_us:00000000 US_Measure_us
C:\Users\David\AppData\Local\Temp\ccoc3ScV.s:336    .text.US_Measure_us:0000006c $d
C:\Users\David\AppData\Local\Temp\ccoc3ScV.s:342    .text.US_Init:00000000 $t
C:\Users\David\AppData\Local\Temp\ccoc3ScV.s:347    .text.US_Init:00000000 US_Init
C:\Users\David\AppData\Local\Temp\ccoc3ScV.s:387    .text.US_Init:00000030 $d
                     .debug_frame:00000010 $d

UNDEFINED SYMBOLS
TU1_ResetCounter
TU1_GetCaptureValue
__aeabi_uidiv
TRIG_SetVal
WAIT1_WaitCycles
TRIG_ClrVal
TRIG_Init
TU1_Init
