   1              		.cpu cortex-m0
   2              		.fpu softvfp
   3              		.eabi_attribute 20, 1
   4              		.eabi_attribute 21, 1
   5              		.eabi_attribute 23, 3
   6              		.eabi_attribute 24, 1
   7              		.eabi_attribute 25, 1
   8              		.eabi_attribute 26, 1
   9              		.eabi_attribute 30, 6
  10              		.eabi_attribute 34, 0
  11              		.eabi_attribute 18, 4
  12              		.code	16
  13              		.file	"Acc.c"
  14              		.text
  15              	.Ltext0:
  16              		.cfi_sections	.debug_frame
  17              		.comm	AccReady,1,1
  18              		.comm	PrintReady,1,1
  19              		.comm	AccData,6,4
  20              		.comm	Xout_14_bit,2,2
  21              		.comm	Yout_14_bit,2,2
  22              		.comm	Zout_14_bit,2,2
  23              		.comm	Zout_g,4,4
  24              		.comm	Xoffset,1,1
  25              		.comm	Yoffset,1,1
  26              		.comm	Zoffset,1,1
  27              		.section	.text.ExtIntLdd1_OnInterrupt,"ax",%progbits
  28              		.align	2
  29              		.global	ExtIntLdd1_OnInterrupt
  30              		.code	16
  31              		.thumb_func
  33              	ExtIntLdd1_OnInterrupt:
  34              	.LFB0:
  35              		.file 1 "../Generated_Code/Acc.c"
   1:../Generated_Code/Acc.c **** /* ###################################################################
   2:../Generated_Code/Acc.c **** **     This component module is generated by Processor Expert. Do not modify it.
   3:../Generated_Code/Acc.c **** **     Filename    : Acc.c
   4:../Generated_Code/Acc.c **** **     Project     : ProcessorExpert
   5:../Generated_Code/Acc.c **** **     Processor   : MKL25Z128VLK4
   6:../Generated_Code/Acc.c **** **     Component   : ExtInt
   7:../Generated_Code/Acc.c **** **     Version     : Component 02.105, Driver 01.00, CPU db: 3.00.000
   8:../Generated_Code/Acc.c **** **     Compiler    : GNU C Compiler
   9:../Generated_Code/Acc.c **** **     Date/Time   : 2018-06-19, 13:19, # CodeGen: 79
  10:../Generated_Code/Acc.c **** **     Abstract    :
  11:../Generated_Code/Acc.c **** **         This component "ExtInt" implements an external 
  12:../Generated_Code/Acc.c **** **         interrupt, its control methods and interrupt/event 
  13:../Generated_Code/Acc.c **** **         handling procedure.
  14:../Generated_Code/Acc.c **** **         The component uses one pin which generates interrupt on 
  15:../Generated_Code/Acc.c **** **         selected edge.
  16:../Generated_Code/Acc.c **** **     Settings    :
  17:../Generated_Code/Acc.c **** **         Interrupt name              : INT_PORTA
  18:../Generated_Code/Acc.c **** **         User handling procedure     : Acc_OnInterrupt
  19:../Generated_Code/Acc.c **** **
  20:../Generated_Code/Acc.c **** **         Used pin                    :
  21:../Generated_Code/Acc.c **** **             ----------------------------------------------------
  22:../Generated_Code/Acc.c **** **                Number (on package)  |    Name
  23:../Generated_Code/Acc.c **** **             ----------------------------------------------------
  24:../Generated_Code/Acc.c **** **                       34            |  PTA14/SPI0_PCS0/UART0_TX
  25:../Generated_Code/Acc.c **** **             ----------------------------------------------------
  26:../Generated_Code/Acc.c **** **
  27:../Generated_Code/Acc.c **** **         Port name                   : PTA
  28:../Generated_Code/Acc.c **** **
  29:../Generated_Code/Acc.c **** **         Bit number (in port)        : 14
  30:../Generated_Code/Acc.c **** **         Bit mask of the port        : 0x4000
  31:../Generated_Code/Acc.c **** **
  32:../Generated_Code/Acc.c **** **         Signal edge/level           : falling
  33:../Generated_Code/Acc.c **** **         Priority                    : 2
  34:../Generated_Code/Acc.c **** **         Pull option                 : off
  35:../Generated_Code/Acc.c **** **         Initial state               : Enabled
  36:../Generated_Code/Acc.c **** **
  37:../Generated_Code/Acc.c **** **
  38:../Generated_Code/Acc.c **** **         Port data register          : GPIOA_PDOR [0x400FF000]
  39:../Generated_Code/Acc.c **** **         Port control register       : GPIOA_PDDR [0x400FF014]
  40:../Generated_Code/Acc.c **** **     Contents    :
  41:../Generated_Code/Acc.c **** **         GetVal - bool Acc_GetVal(void);
  42:../Generated_Code/Acc.c **** **
  43:../Generated_Code/Acc.c **** **     Copyright : 1997 - 2014 Freescale Semiconductor, Inc. 
  44:../Generated_Code/Acc.c **** **     All Rights Reserved.
  45:../Generated_Code/Acc.c **** **     
  46:../Generated_Code/Acc.c **** **     Redistribution and use in source and binary forms, with or without modification,
  47:../Generated_Code/Acc.c **** **     are permitted provided that the following conditions are met:
  48:../Generated_Code/Acc.c **** **     
  49:../Generated_Code/Acc.c **** **     o Redistributions of source code must retain the above copyright notice, this list
  50:../Generated_Code/Acc.c **** **       of conditions and the following disclaimer.
  51:../Generated_Code/Acc.c **** **     
  52:../Generated_Code/Acc.c **** **     o Redistributions in binary form must reproduce the above copyright notice, this
  53:../Generated_Code/Acc.c **** **       list of conditions and the following disclaimer in the documentation and/or
  54:../Generated_Code/Acc.c **** **       other materials provided with the distribution.
  55:../Generated_Code/Acc.c **** **     
  56:../Generated_Code/Acc.c **** **     o Neither the name of Freescale Semiconductor, Inc. nor the names of its
  57:../Generated_Code/Acc.c **** **       contributors may be used to endorse or promote products derived from this
  58:../Generated_Code/Acc.c **** **       software without specific prior written permission.
  59:../Generated_Code/Acc.c **** **     
  60:../Generated_Code/Acc.c **** **     THIS SOFTWARE IS PROVIDED BY THE COPYRIGHT HOLDERS AND CONTRIBUTORS "AS IS" AND
  61:../Generated_Code/Acc.c **** **     ANY EXPRESS OR IMPLIED WARRANTIES, INCLUDING, BUT NOT LIMITED TO, THE IMPLIED
  62:../Generated_Code/Acc.c **** **     WARRANTIES OF MERCHANTABILITY AND FITNESS FOR A PARTICULAR PURPOSE ARE
  63:../Generated_Code/Acc.c **** **     DISCLAIMED. IN NO EVENT SHALL THE COPYRIGHT HOLDER OR CONTRIBUTORS BE LIABLE FOR
  64:../Generated_Code/Acc.c **** **     ANY DIRECT, INDIRECT, INCIDENTAL, SPECIAL, EXEMPLARY, OR CONSEQUENTIAL DAMAGES
  65:../Generated_Code/Acc.c **** **     (INCLUDING, BUT NOT LIMITED TO, PROCUREMENT OF SUBSTITUTE GOODS OR SERVICES;
  66:../Generated_Code/Acc.c **** **     LOSS OF USE, DATA, OR PROFITS; OR BUSINESS INTERRUPTION) HOWEVER CAUSED AND ON
  67:../Generated_Code/Acc.c **** **     ANY THEORY OF LIABILITY, WHETHER IN CONTRACT, STRICT LIABILITY, OR TORT
  68:../Generated_Code/Acc.c **** **     (INCLUDING NEGLIGENCE OR OTHERWISE) ARISING IN ANY WAY OUT OF THE USE OF THIS
  69:../Generated_Code/Acc.c **** **     SOFTWARE, EVEN IF ADVISED OF THE POSSIBILITY OF SUCH DAMAGE.
  70:../Generated_Code/Acc.c **** **     
  71:../Generated_Code/Acc.c **** **     http: www.freescale.com
  72:../Generated_Code/Acc.c **** **     mail: support@freescale.com
  73:../Generated_Code/Acc.c **** ** ###################################################################*/
  74:../Generated_Code/Acc.c **** /*!
  75:../Generated_Code/Acc.c **** ** @file Acc.c
  76:../Generated_Code/Acc.c **** ** @version 01.00
  77:../Generated_Code/Acc.c **** ** @brief
  78:../Generated_Code/Acc.c **** **         This component "ExtInt" implements an external 
  79:../Generated_Code/Acc.c **** **         interrupt, its control methods and interrupt/event 
  80:../Generated_Code/Acc.c **** **         handling procedure.
  81:../Generated_Code/Acc.c **** **         The component uses one pin which generates interrupt on 
  82:../Generated_Code/Acc.c **** **         selected edge.
  83:../Generated_Code/Acc.c **** */         
  84:../Generated_Code/Acc.c **** /*!
  85:../Generated_Code/Acc.c **** **  @addtogroup Acc_module Acc module documentation
  86:../Generated_Code/Acc.c **** **  @{
  87:../Generated_Code/Acc.c **** */         
  88:../Generated_Code/Acc.c **** 
  89:../Generated_Code/Acc.c **** /* MODULE Acc. */
  90:../Generated_Code/Acc.c **** 
  91:../Generated_Code/Acc.c **** #include "Events.h"
  92:../Generated_Code/Acc.c **** #include "Acc.h"
  93:../Generated_Code/Acc.c **** 
  94:../Generated_Code/Acc.c **** #ifdef __cplusplus
  95:../Generated_Code/Acc.c **** extern "C" {
  96:../Generated_Code/Acc.c **** #endif 
  97:../Generated_Code/Acc.c **** 
  98:../Generated_Code/Acc.c **** /*
  99:../Generated_Code/Acc.c **** ** ===================================================================
 100:../Generated_Code/Acc.c **** **     Method      :  Acc_GetVal (component ExtInt)
 101:../Generated_Code/Acc.c **** **     Description :
 102:../Generated_Code/Acc.c **** **         Returns the actual value of the input pin of the component.
 103:../Generated_Code/Acc.c **** **     Parameters  : None
 104:../Generated_Code/Acc.c **** **     Returns     :
 105:../Generated_Code/Acc.c **** **         ---             - Returned input value. Possible values:
 106:../Generated_Code/Acc.c **** **                           <false> - logical "0" (Low level) <true> -
 107:../Generated_Code/Acc.c **** **                           logical "1" (High level)
 108:../Generated_Code/Acc.c **** ** ===================================================================
 109:../Generated_Code/Acc.c **** */
 110:../Generated_Code/Acc.c **** /*
 111:../Generated_Code/Acc.c **** bool Acc_GetVal(void)
 112:../Generated_Code/Acc.c **** 
 113:../Generated_Code/Acc.c **** **  This method is implemented as a macro. See Acc.h file.  **
 114:../Generated_Code/Acc.c **** */
 115:../Generated_Code/Acc.c **** 
 116:../Generated_Code/Acc.c **** /*
 117:../Generated_Code/Acc.c **** ** ===================================================================
 118:../Generated_Code/Acc.c **** **     Method      :  Acc_OnInterrupt (component ExtInt)
 119:../Generated_Code/Acc.c **** **
 120:../Generated_Code/Acc.c **** **     Description :
 121:../Generated_Code/Acc.c **** **         This event is called when an active signal edge/level has 
 122:../Generated_Code/Acc.c **** **         occurred. The event services the event of the inherited 
 123:../Generated_Code/Acc.c **** **         component and eventually invokes other events.
 124:../Generated_Code/Acc.c **** **         This method is internal. It is used by Processor Expert only.
 125:../Generated_Code/Acc.c **** ** ===================================================================
 126:../Generated_Code/Acc.c **** */
 127:../Generated_Code/Acc.c **** void ExtIntLdd1_OnInterrupt(LDD_TUserData *UserDataPtr)
 128:../Generated_Code/Acc.c **** {
  36              		.loc 1 128 0
  37              		.cfi_startproc
  38 0000 80B5     		push	{r7, lr}
  39              	.LCFI0:
  40              		.cfi_def_cfa_offset 8
  41              		.cfi_offset 7, -8
  42              		.cfi_offset 14, -4
  43 0002 82B0     		sub	sp, sp, #8
  44              	.LCFI1:
  45              		.cfi_def_cfa_offset 16
  46 0004 00AF     		add	r7, sp, #0
  47              	.LCFI2:
  48              		.cfi_def_cfa_register 7
  49 0006 7860     		str	r0, [r7, #4]
 129:../Generated_Code/Acc.c ****   (void)UserDataPtr;                   /* Parameter is not used, suppress unused argument warning *
 130:../Generated_Code/Acc.c ****   Acc_OnInterrupt();                   /* Invoke OnInterrupt event */
  50              		.loc 1 130 0
  51 0008 FFF7FEFF 		bl	Acc_OnInterrupt
 131:../Generated_Code/Acc.c **** }
  52              		.loc 1 131 0
  53 000c BD46     		mov	sp, r7
  54 000e 02B0     		add	sp, sp, #8
  55              		@ sp needed for prologue
  56 0010 80BD     		pop	{r7, pc}
  57              		.cfi_endproc
  58              	.LFE0:
  60 0012 C046     		.text
  61              	.Letext0:
  62              		.file 2 "D:/Git/DronePrototype/Project_Headers/global.h"
  63              		.file 3 "D:/Git/DronePrototype/Project_Headers/Acc.h"
  64              		.file 4 "D:/Git/DronePrototype/Generated_Code/PE_Types.h"
DEFINED SYMBOLS
                            *ABS*:00000000 Acc.c
                            *COM*:00000001 AccReady
                            *COM*:00000001 PrintReady
                            *COM*:00000006 AccData
                            *COM*:00000002 Xout_14_bit
                            *COM*:00000002 Yout_14_bit
                            *COM*:00000002 Zout_14_bit
                            *COM*:00000004 Zout_g
                            *COM*:00000001 Xoffset
                            *COM*:00000001 Yoffset
                            *COM*:00000001 Zoffset
C:\Users\David\AppData\Local\Temp\cciJz9Nr.s:28     .text.ExtIntLdd1_OnInterrupt:00000000 $t
C:\Users\David\AppData\Local\Temp\cciJz9Nr.s:33     .text.ExtIntLdd1_OnInterrupt:00000000 ExtIntLdd1_OnInterrupt
                     .debug_frame:00000010 $d

UNDEFINED SYMBOLS
Acc_OnInterrupt
